<?xml version="1.0" encoding="UTF-8"?>
<!-- Generated by org.testng.reporters.JUnitReportReporter -->
<testsuite skipped="0" hostname="DESKTOP-SV604MU" name="org.order.Login" tests="1" failures="0" timestamp="17 Feb 2021 05:35:56 GMT" time="42.114" errors="0">
  <testcase name="tc1" time="42.114" classname="org.order.Login"/>
</testsuite> <!-- org.order.Login -->
